<?xml version="1.0" encoding="UTF-8" ?>
<testsuites>
<testsuite failures="0" time="0.001" errors="0" skipped="2" tests="3" name="UnitTests.OtherMainClassTest">
    <testcase name="TestIgnored" classname="UnitTests.OtherMainClassTest">
        <skipped message=""/>
    </testcase>
    <testcase name="TestIgnoredWithText" classname="UnitTests.OtherMainClassTest">
        <skipped message="Dont do this"/>
    </testcase>
    <testcase time="0.001" name="TestPropertyValue" classname="UnitTests.OtherMainClassTest"/>
</testsuite>
</testsuites>